<?xml version="1.0" encoding="UTF-8" standalone="no"?>
<view xmlns="http://jmix.io/schema/flowui/view"
      title="msg://testEntityDetailView.title"
      focusComponent="form">
    <data>
        <instance id="testEntityDc"
                  class="com.company.jmix_tree_grid_issue.entity.TestEntity">
            <loader id="testEntityDl"/>
        </instance>
    </data>
    <facets>
        <dataLoadCoordinator auto="true"/>
    </facets>
    <actions>
        <action id="saveAction" type="detail_saveClose"/>
        <action id="closeAction" type="detail_close"/>
    </actions>
    <layout>
        <formLayout id="form" dataContainer="testEntityDc">
            <textField id="codeField" property="code"/>
            <textField id="nameField" property="name"/>
        </formLayout>
        <hbox id="detailActions">
            <button id="saveAndCloseBtn" action="saveAction"/>
            <button id="closeBtn" action="closeAction"/>
        </hbox>
    </layout>
</view>
